Generated at 2021-06-27 10:46:45 +0530
Mixlib::ShellOut::ShellCommandFailed: service[apache2] (apache-cookbook::apache-recipe line 14) had an error: Mixlib::ShellOut::ShellCommandFailed: Expected process to exit with [0], but received '1'
---- Begin output of /bin/systemctl --system start apache2 ----
STDOUT: 
STDERR: Job for apache2.service failed because the control process exited with error code. See "systemctl status apache2.service" and "journalctl -xe" for details.
---- End output of /bin/systemctl --system start apache2 ----
Ran /bin/systemctl --system start apache2 returned 1
/opt/chefdk/embedded/lib/ruby/gems/2.5.0/gems/mixlib-shellout-2.4.4/lib/mixlib/shellout.rb:297:in `invalid!'
/opt/chefdk/embedded/lib/ruby/gems/2.5.0/gems/mixlib-shellout-2.4.4/lib/mixlib/shellout.rb:284:in `error!'
/opt/chefdk/embedded/lib/ruby/gems/2.5.0/gems/chef-14.8.12/lib/chef/mixin/shell_out.rb:202:in `shell_out_compacted!'
/opt/chefdk/embedded/lib/ruby/gems/2.5.0/gems/chef-14.8.12/lib/chef/mixin/shell_out.rb:124:in `shell_out!'
/opt/chefdk/embedded/lib/ruby/gems/2.5.0/gems/chef-14.8.12/lib/chef/provider/service/systemd.rb:104:in `start_service'
/opt/chefdk/embedded/lib/ruby/gems/2.5.0/gems/chef-14.8.12/lib/chef/provider/service.rb:135:in `block in action_start'
/opt/chefdk/embedded/lib/ruby/gems/2.5.0/gems/chef-14.8.12/lib/chef/mixin/why_run.rb:51:in `add_action'
/opt/chefdk/embedded/lib/ruby/gems/2.5.0/gems/chef-14.8.12/lib/chef/provider.rb:227:in `converge_by'
/opt/chefdk/embedded/lib/ruby/gems/2.5.0/gems/chef-14.8.12/lib/chef/provider/service.rb:134:in `action_start'
/opt/chefdk/embedded/lib/ruby/gems/2.5.0/gems/chef-14.8.12/lib/chef/provider.rb:182:in `run_action'
/opt/chefdk/embedded/lib/ruby/gems/2.5.0/gems/chef-14.8.12/lib/chef/resource.rb:578:in `run_action'
/opt/chefdk/embedded/lib/ruby/gems/2.5.0/gems/chef-14.8.12/lib/chef/runner.rb:70:in `run_action'
/opt/chefdk/embedded/lib/ruby/gems/2.5.0/gems/chef-14.8.12/lib/chef/runner.rb:98:in `block (2 levels) in converge'
/opt/chefdk/embedded/lib/ruby/gems/2.5.0/gems/chef-14.8.12/lib/chef/runner.rb:98:in `each'
/opt/chefdk/embedded/lib/ruby/gems/2.5.0/gems/chef-14.8.12/lib/chef/runner.rb:98:in `block in converge'
/opt/chefdk/embedded/lib/ruby/gems/2.5.0/gems/chef-14.8.12/lib/chef/resource_collection/resource_list.rb:94:in `block in execute_each_resource'
/opt/chefdk/embedded/lib/ruby/gems/2.5.0/gems/chef-14.8.12/lib/chef/resource_collection/stepable_iterator.rb:114:in `call_iterator_block'
/opt/chefdk/embedded/lib/ruby/gems/2.5.0/gems/chef-14.8.12/lib/chef/resource_collection/stepable_iterator.rb:85:in `step'
/opt/chefdk/embedded/lib/ruby/gems/2.5.0/gems/chef-14.8.12/lib/chef/resource_collection/stepable_iterator.rb:103:in `iterate'
/opt/chefdk/embedded/lib/ruby/gems/2.5.0/gems/chef-14.8.12/lib/chef/resource_collection/stepable_iterator.rb:55:in `each_with_index'
/opt/chefdk/embedded/lib/ruby/gems/2.5.0/gems/chef-14.8.12/lib/chef/resource_collection/resource_list.rb:92:in `execute_each_resource'
/opt/chefdk/embedded/lib/ruby/gems/2.5.0/gems/chef-14.8.12/lib/chef/runner.rb:97:in `converge'
/opt/chefdk/embedded/lib/ruby/gems/2.5.0/gems/chef-14.8.12/lib/chef/client.rb:720:in `block in converge'
/opt/chefdk/embedded/lib/ruby/gems/2.5.0/gems/chef-14.8.12/lib/chef/client.rb:715:in `catch'
/opt/chefdk/embedded/lib/ruby/gems/2.5.0/gems/chef-14.8.12/lib/chef/client.rb:715:in `converge'
/opt/chefdk/embedded/lib/ruby/gems/2.5.0/gems/chef-14.8.12/lib/chef/client.rb:754:in `converge_and_save'
/opt/chefdk/embedded/lib/ruby/gems/2.5.0/gems/chef-14.8.12/lib/chef/client.rb:286:in `run'
/opt/chefdk/embedded/lib/ruby/gems/2.5.0/gems/chef-14.8.12/lib/chef/application.rb:303:in `run_with_graceful_exit_option'
/opt/chefdk/embedded/lib/ruby/gems/2.5.0/gems/chef-14.8.12/lib/chef/application.rb:279:in `block in run_chef_client'
/opt/chefdk/embedded/lib/ruby/gems/2.5.0/gems/chef-14.8.12/lib/chef/local_mode.rb:44:in `with_server_connectivity'
/opt/chefdk/embedded/lib/ruby/gems/2.5.0/gems/chef-14.8.12/lib/chef/application.rb:261:in `run_chef_client'
/opt/chefdk/embedded/lib/ruby/gems/2.5.0/gems/chef-14.8.12/lib/chef/application/client.rb:440:in `run_application'
/opt/chefdk/embedded/lib/ruby/gems/2.5.0/gems/chef-14.8.12/lib/chef/application.rb:66:in `run'
/opt/chefdk/embedded/lib/ruby/gems/2.5.0/gems/chef-14.8.12/bin/chef-client:25:in `<top (required)>'
/usr/bin/chef-client:306:in `load'
/usr/bin/chef-client:306:in `<main>'

>>>> Caused by Mixlib::ShellOut::ShellCommandFailed: Expected process to exit with [0], but received '1'
---- Begin output of /bin/systemctl --system start apache2 ----
STDOUT: 
STDERR: Job for apache2.service failed because the control process exited with error code. See "systemctl status apache2.service" and "journalctl -xe" for details.
---- End output of /bin/systemctl --system start apache2 ----
Ran /bin/systemctl --system start apache2 returned 1
/opt/chefdk/embedded/lib/ruby/gems/2.5.0/gems/mixlib-shellout-2.4.4/lib/mixlib/shellout.rb:297:in `invalid!'
/opt/chefdk/embedded/lib/ruby/gems/2.5.0/gems/mixlib-shellout-2.4.4/lib/mixlib/shellout.rb:284:in `error!'
/opt/chefdk/embedded/lib/ruby/gems/2.5.0/gems/chef-14.8.12/lib/chef/mixin/shell_out.rb:202:in `shell_out_compacted!'
/opt/chefdk/embedded/lib/ruby/gems/2.5.0/gems/chef-14.8.12/lib/chef/mixin/shell_out.rb:124:in `shell_out!'
/opt/chefdk/embedded/lib/ruby/gems/2.5.0/gems/chef-14.8.12/lib/chef/provider/service/systemd.rb:104:in `start_service'
/opt/chefdk/embedded/lib/ruby/gems/2.5.0/gems/chef-14.8.12/lib/chef/provider/service.rb:135:in `block in action_start'
/opt/chefdk/embedded/lib/ruby/gems/2.5.0/gems/chef-14.8.12/lib/chef/mixin/why_run.rb:51:in `add_action'
/opt/chefdk/embedded/lib/ruby/gems/2.5.0/gems/chef-14.8.12/lib/chef/provider.rb:227:in `converge_by'
/opt/chefdk/embedded/lib/ruby/gems/2.5.0/gems/chef-14.8.12/lib/chef/provider/service.rb:134:in `action_start'
/opt/chefdk/embedded/lib/ruby/gems/2.5.0/gems/chef-14.8.12/lib/chef/provider.rb:182:in `run_action'
/opt/chefdk/embedded/lib/ruby/gems/2.5.0/gems/chef-14.8.12/lib/chef/resource.rb:578:in `run_action'
/opt/chefdk/embedded/lib/ruby/gems/2.5.0/gems/chef-14.8.12/lib/chef/runner.rb:70:in `run_action'
/opt/chefdk/embedded/lib/ruby/gems/2.5.0/gems/chef-14.8.12/lib/chef/runner.rb:98:in `block (2 levels) in converge'
/opt/chefdk/embedded/lib/ruby/gems/2.5.0/gems/chef-14.8.12/lib/chef/runner.rb:98:in `each'
/opt/chefdk/embedded/lib/ruby/gems/2.5.0/gems/chef-14.8.12/lib/chef/runner.rb:98:in `block in converge'
/opt/chefdk/embedded/lib/ruby/gems/2.5.0/gems/chef-14.8.12/lib/chef/resource_collection/resource_list.rb:94:in `block in execute_each_resource'
/opt/chefdk/embedded/lib/ruby/gems/2.5.0/gems/chef-14.8.12/lib/chef/resource_collection/stepable_iterator.rb:114:in `call_iterator_block'
/opt/chefdk/embedded/lib/ruby/gems/2.5.0/gems/chef-14.8.12/lib/chef/resource_collection/stepable_iterator.rb:85:in `step'
/opt/chefdk/embedded/lib/ruby/gems/2.5.0/gems/chef-14.8.12/lib/chef/resource_collection/stepable_iterator.rb:103:in `iterate'
/opt/chefdk/embedded/lib/ruby/gems/2.5.0/gems/chef-14.8.12/lib/chef/resource_collection/stepable_iterator.rb:55:in `each_with_index'
/opt/chefdk/embedded/lib/ruby/gems/2.5.0/gems/chef-14.8.12/lib/chef/resource_collection/resource_list.rb:92:in `execute_each_resource'
/opt/chefdk/embedded/lib/ruby/gems/2.5.0/gems/chef-14.8.12/lib/chef/runner.rb:97:in `converge'
/opt/chefdk/embedded/lib/ruby/gems/2.5.0/gems/chef-14.8.12/lib/chef/client.rb:720:in `block in converge'
/opt/chefdk/embedded/lib/ruby/gems/2.5.0/gems/chef-14.8.12/lib/chef/client.rb:715:in `catch'
/opt/chefdk/embedded/lib/ruby/gems/2.5.0/gems/chef-14.8.12/lib/chef/client.rb:715:in `converge'
/opt/chefdk/embedded/lib/ruby/gems/2.5.0/gems/chef-14.8.12/lib/chef/client.rb:754:in `converge_and_save'
/opt/chefdk/embedded/lib/ruby/gems/2.5.0/gems/chef-14.8.12/lib/chef/client.rb:286:in `run'
/opt/chefdk/embedded/lib/ruby/gems/2.5.0/gems/chef-14.8.12/lib/chef/application.rb:303:in `run_with_graceful_exit_option'
/opt/chefdk/embedded/lib/ruby/gems/2.5.0/gems/chef-14.8.12/lib/chef/application.rb:279:in `block in run_chef_client'
/opt/chefdk/embedded/lib/ruby/gems/2.5.0/gems/chef-14.8.12/lib/chef/local_mode.rb:44:in `with_server_connectivity'
/opt/chefdk/embedded/lib/ruby/gems/2.5.0/gems/chef-14.8.12/lib/chef/application.rb:261:in `run_chef_client'
/opt/chefdk/embedded/lib/ruby/gems/2.5.0/gems/chef-14.8.12/lib/chef/application/client.rb:440:in `run_application'
/opt/chefdk/embedded/lib/ruby/gems/2.5.0/gems/chef-14.8.12/lib/chef/application.rb:66:in `run'
/opt/chefdk/embedded/lib/ruby/gems/2.5.0/gems/chef-14.8.12/bin/chef-client:25:in `<top (required)>'
/usr/bin/chef-client:306:in `load'
/usr/bin/chef-client:306:in `<main>'